<?xml version="1.0" encoding="UTF-8"?>
<testng-results skipped="0" failed="0" total="2" passed="2">
  <reporter-output>
  </reporter-output>
  <suite name="Suite" duration-ms="10419" started-at="2017-05-02T18:12:51Z" finished-at="2017-05-02T18:13:01Z">
    <groups>
    </groups>
    <test name="Test" duration-ms="10419" started-at="2017-05-02T18:12:51Z" finished-at="2017-05-02T18:13:01Z">
      <class name="maventest.TestMaven">
        <test-method status="PASS" signature="init()[pri:0, instance:maventest.TestMaven@5d624da6]" name="init" is-config="true" duration-ms="14" started-at="2017-05-02T19:12:51Z" finished-at="2017-05-02T19:12:51Z">
          <reporter-output>
          </reporter-output>
        </test-method> <!-- init -->
        <test-method status="PASS" signature="gcreddy()[pri:0, instance:maventest.TestMaven@5d624da6]" name="gcreddy" duration-ms="9687" started-at="2017-05-02T19:12:51Z" finished-at="2017-05-02T19:13:01Z">
          <reporter-output>
          </reporter-output>
        </test-method> <!-- gcreddy -->
        <test-method status="PASS" signature="wordpress()[pri:0, instance:maventest.TestMaven@5d624da6]" name="wordpress" duration-ms="697" started-at="2017-05-02T19:13:01Z" finished-at="2017-05-02T19:13:01Z">
          <reporter-output>
          </reporter-output>
        </test-method> <!-- wordpress -->
        <test-method status="PASS" signature="At()[pri:0, instance:maventest.TestMaven@5d624da6]" name="At" is-config="true" duration-ms="9" started-at="2017-05-02T19:13:01Z" finished-at="2017-05-02T19:13:01Z">
          <reporter-output>
          </reporter-output>
        </test-method> <!-- At -->
      </class> <!-- maventest.TestMaven -->
    </test> <!-- Test -->
  </suite> <!-- Suite -->
</testng-results>
